This is pdfTeX, Version 3.141592653-2.6-1.40.25 (TeX Live 2023/Arch Linux) (preloaded format=pdflatex 2023.4.24)  2 JUN 2023 20:43
entering extended mode
 restricted \write18 enabled.
 file:line:error style messages enabled.
 %&-line parsing enabled.
**/home/amehdipour/repos/MastersProject/Paper/Paper/main.tex
(/home/amehdipour/repos/MastersProject/Paper/Paper/main.tex
LaTeX2e <2022-11-01> patch level 1
L3 programming layer <2023-02-22> (/usr/share/texmf-dist/tex/latex/base/article.cls
Document Class: article 2022/07/02 v1.4n Standard LaTeX document class
(/usr/share/texmf-dist/tex/latex/base/size12.clo
File: size12.clo 2022/07/02 v1.4n Standard LaTeX file (size option)
)
\c@part=\count185
\c@section=\count186
\c@subsection=\count187
\c@subsubsection=\count188
\c@paragraph=\count189
\c@subparagraph=\count190
\c@figure=\count191
\c@table=\count192
\abovecaptionskip=\skip48
\belowcaptionskip=\skip49
\bibindent=\dimen140
) (/usr/share/texmf-dist/tex/latex/geometry/geometry.sty
Package: geometry 2020/01/02 v5.9 Page Geometry
 (/usr/share/texmf-dist/tex/latex/graphics/keyval.sty
Package: keyval 2022/05/29 v1.15 key=value parser (DPC)
\KV@toks@=\toks16
) (/usr/share/texmf-dist/tex/generic/iftex/ifvtex.sty
Package: ifvtex 2019/10/25 v1.7 ifvtex legacy package. Use iftex instead.
 (/usr/share/texmf-dist/tex/generic/iftex/iftex.sty
Package: iftex 2022/02/03 v1.0f TeX engine tests
))
\Gm@cnth=\count193
\Gm@cntv=\count194
\c@Gm@tempcnt=\count195
\Gm@bindingoffset=\dimen141
\Gm@wd@mp=\dimen142
\Gm@odd@mp=\dimen143
\Gm@even@mp=\dimen144
\Gm@layoutwidth=\dimen145
\Gm@layoutheight=\dimen146
\Gm@layouthoffset=\dimen147
\Gm@layoutvoffset=\dimen148
\Gm@dimlist=\toks17
) (/usr/share/texmf-dist/tex/latex/setspace/setspace.sty
Package: setspace 2022/12/04 v6.7b set line spacing
) (/usr/share/texmf-dist/tex/latex/titlesec/titlesec.sty
Package: titlesec 2021/07/05 v2.14 Sectioning titles
\ttl@box=\box51
\beforetitleunit=\skip50
\aftertitleunit=\skip51
\ttl@plus=\dimen149
\ttl@minus=\dimen150
\ttl@toksa=\toks18
\titlewidth=\dimen151
\titlewidthlast=\dimen152
\titlewidthfirst=\dimen153
) (/usr/share/texmf-dist/tex/latex/psnfss/times.sty
Package: times 2020/03/25 PSNFSS-v9.3 (SPQR) 
) (/usr/share/texmf-dist/tex/latex/tools/indentfirst.sty
Package: indentfirst 1995/11/23 v1.03 Indent first paragraph (DPC)
) (/usr/share/texmf-dist/tex/latex/scalerel/scalerel.sty
Package: scalerel 2016/12/29 v1.8 Routines for constrained scaling and stretching of objects, relative to a reference object or in absolute terms
 (/usr/share/texmf-dist/tex/latex/tools/calc.sty
Package: calc 2017/05/25 v4.3 Infix arithmetic (KKT,FJ)
\calc@Acount=\count196
\calc@Bcount=\count197
\calc@Adimen=\dimen154
\calc@Bdimen=\dimen155
\calc@Askip=\skip52
\calc@Bskip=\skip53
LaTeX Info: Redefining \setlength on input line 80.
LaTeX Info: Redefining \addtolength on input line 81.
\calc@Ccount=\count198
\calc@Cskip=\skip54
) (/usr/share/texmf-dist/tex/latex/graphics/graphicx.sty
Package: graphicx 2021/09/16 v1.2d Enhanced LaTeX Graphics (DPC,SPQR)
 (/usr/share/texmf-dist/tex/latex/graphics/graphics.sty
Package: graphics 2022/03/10 v1.4e Standard LaTeX Graphics (DPC,SPQR)
 (/usr/share/texmf-dist/tex/latex/graphics/trig.sty
Package: trig 2021/08/11 v1.11 sin cos tan (DPC)
) (/usr/share/texmf-dist/tex/latex/graphics-cfg/graphics.cfg
File: graphics.cfg 2016/06/04 v1.11 sample graphics configuration
)
Package graphics Info: Driver file: pdftex.def on input line 107.
 (/usr/share/texmf-dist/tex/latex/graphics-def/pdftex.def
File: pdftex.def 2022/09/22 v1.2b Graphics/color driver for pdftex
))
\Gin@req@height=\dimen156
\Gin@req@width=\dimen157
) (/usr/share/texmf-dist/tex/latex/etoolbox/etoolbox.sty
Package: etoolbox 2020/10/05 v2.5k e-TeX tools for LaTeX (JAW)
\etb@tempcnta=\count199
)
\thesrwidth=\skip55
\thesrheight=\skip56
\srblobheight=\skip57
\srblobdepth=\skip58
\mnxsrwidth=\skip59
\LMex=\skip60
\LMpt=\skip61
) (/usr/share/texmf-dist/tex/latex/float/float.sty
Package: float 2001/11/08 v1.3d Float enhancements (AL)
\c@float@type=\count266
\float@exts=\toks19
\float@box=\box52
\@float@everytoks=\toks20
\@floatcapt=\box53
) (/usr/share/texmf-dist/tex/latex/parskip/parskip.sty
Package: parskip 2021-03-14 v2.0h non-zero parskip adjustments
 (/usr/share/texmf-dist/tex/latex/kvoptions/kvoptions.sty
Package: kvoptions 2022-06-15 v3.15 Key value format for package options (HO)
 (/usr/share/texmf-dist/tex/generic/ltxcmds/ltxcmds.sty
Package: ltxcmds 2020-05-10 v1.25 LaTeX kernel commands for general use (HO)
) (/usr/share/texmf-dist/tex/latex/kvsetkeys/kvsetkeys.sty
Package: kvsetkeys 2022-10-05 v1.19 Key value parser (HO)
))) (/usr/share/texmf-dist/tex/latex/amsmath/amsmath.sty
Package: amsmath 2022/04/08 v2.17n AMS math features
\@mathmargin=\skip62

For additional information on amsmath, use the `?' option.
(/usr/share/texmf-dist/tex/latex/amsmath/amstext.sty
Package: amstext 2021/08/26 v2.01 AMS text
 (/usr/share/texmf-dist/tex/latex/amsmath/amsgen.sty
File: amsgen.sty 1999/11/30 v2.0 generic functions
\@emptytoks=\toks21
\ex@=\dimen158
)) (/usr/share/texmf-dist/tex/latex/amsmath/amsbsy.sty
Package: amsbsy 1999/11/29 v1.2d Bold Symbols
\pmbraise@=\dimen159
) (/usr/share/texmf-dist/tex/latex/amsmath/amsopn.sty
Package: amsopn 2022/04/08 v2.04 operator names
)
\inf@bad=\count267
LaTeX Info: Redefining \frac on input line 234.
\uproot@=\count268
\leftroot@=\count269
LaTeX Info: Redefining \overline on input line 399.
LaTeX Info: Redefining \colon on input line 410.
\classnum@=\count270
\DOTSCASE@=\count271
LaTeX Info: Redefining \ldots on input line 496.
LaTeX Info: Redefining \dots on input line 499.
LaTeX Info: Redefining \cdots on input line 620.
\Mathstrutbox@=\box54
\strutbox@=\box55
LaTeX Info: Redefining \big on input line 722.
LaTeX Info: Redefining \Big on input line 723.
LaTeX Info: Redefining \bigg on input line 724.
LaTeX Info: Redefining \Bigg on input line 725.
\big@size=\dimen160
LaTeX Font Info:    Redeclaring font encoding OML on input line 743.
LaTeX Font Info:    Redeclaring font encoding OMS on input line 744.
\macc@depth=\count272
LaTeX Info: Redefining \bmod on input line 905.
LaTeX Info: Redefining \pmod on input line 910.
LaTeX Info: Redefining \smash on input line 940.
LaTeX Info: Redefining \relbar on input line 970.
LaTeX Info: Redefining \Relbar on input line 971.
\c@MaxMatrixCols=\count273
\dotsspace@=\muskip16
\c@parentequation=\count274
\dspbrk@lvl=\count275
\tag@help=\toks22
\row@=\count276
\column@=\count277
\maxfields@=\count278
\andhelp@=\toks23
\eqnshift@=\dimen161
\alignsep@=\dimen162
\tagshift@=\dimen163
\tagwidth@=\dimen164
\totwidth@=\dimen165
\lineht@=\dimen166
\@envbody=\toks24
\multlinegap=\skip63
\multlinetaggap=\skip64
\mathdisplay@stack=\toks25
LaTeX Info: Redefining \[ on input line 2953.
LaTeX Info: Redefining \] on input line 2954.
)
LaTeX Font Info:    Trying to load font information for OT1+ptm on input line 38.
 (/usr/share/texmf-dist/tex/latex/psnfss/ot1ptm.fd
File: ot1ptm.fd 2001/06/04 font definitions for OT1/ptm.
) (/usr/share/texmf-dist/tex/latex/l3backend/l3backend-pdftex.def
File: l3backend-pdftex.def 2023-01-16 L3 backend support: PDF output (pdfTeX)
\l__color_backend_stack_int=\count279
\l__pdf_internal_box=\box56
) (./main.aux)
\openout1 = `main.aux'.

LaTeX Font Info:    Checking defaults for OML/cmm/m/it on input line 38.
LaTeX Font Info:    ... okay on input line 38.
LaTeX Font Info:    Checking defaults for OMS/cmsy/m/n on input line 38.
LaTeX Font Info:    ... okay on input line 38.
LaTeX Font Info:    Checking defaults for OT1/cmr/m/n on input line 38.
LaTeX Font Info:    ... okay on input line 38.
LaTeX Font Info:    Checking defaults for T1/cmr/m/n on input line 38.
LaTeX Font Info:    ... okay on input line 38.
LaTeX Font Info:    Checking defaults for TS1/cmr/m/n on input line 38.
LaTeX Font Info:    ... okay on input line 38.
LaTeX Font Info:    Checking defaults for OMX/cmex/m/n on input line 38.
LaTeX Font Info:    ... okay on input line 38.
LaTeX Font Info:    Checking defaults for U/cmr/m/n on input line 38.
LaTeX Font Info:    ... okay on input line 38.

*geometry* driver: auto-detecting
*geometry* detected driver: pdftex
*geometry* verbose mode - [ preamble ] result:
* driver: pdftex
* paper: <default>
* layout: <same size as paper>
* layoutoffset:(h,v)=(0.0pt,0.0pt)
* modes: 
* h-part:(L,W,R)=(72.26999pt, 469.75502pt, 72.26999pt)
* v-part:(T,H,B)=(72.26999pt, 650.43001pt, 72.26999pt)
* \paperwidth=614.295pt
* \paperheight=794.96999pt
* \textwidth=469.75502pt
* \textheight=650.43001pt
* \oddsidemargin=0.0pt
* \evensidemargin=0.0pt
* \topmargin=-37.0pt
* \headheight=12.0pt
* \headsep=25.0pt
* \topskip=12.0pt
* \footskip=30.0pt
* \marginparwidth=44.0pt
* \marginparsep=10.0pt
* \columnsep=10.0pt
* \skip\footins=10.8pt plus 4.0pt minus 2.0pt
* \hoffset=0.0pt
* \voffset=0.0pt
* \mag=1000
* \@twocolumnfalse
* \@twosidefalse
* \@mparswitchfalse
* \@reversemarginfalse
* (1in=72.27pt=25.4mm, 1cm=28.453pt)

(/usr/share/texmf-dist/tex/context/base/mkii/supp-pdf.mkii
[Loading MPS to PDF converter (version 2006.09.02).]
\scratchcounter=\count280
\scratchdimen=\dimen167
\scratchbox=\box57
\nofMPsegments=\count281
\nofMParguments=\count282
\everyMPshowfont=\toks26
\MPscratchCnt=\count283
\MPscratchDim=\dimen168
\MPnumerator=\count284
\makeMPintoPDFobject=\count285
\everyMPtoPDFconversion=\toks27
) (/usr/share/texmf-dist/tex/latex/epstopdf-pkg/epstopdf-base.sty
Package: epstopdf-base 2020-01-24 v2.11 Base part for package epstopdf
 (/usr/share/texmf-dist/tex/generic/infwarerr/infwarerr.sty
Package: infwarerr 2019/12/03 v1.5 Providing info/warning/error messages (HO)
) (/usr/share/texmf-dist/tex/latex/grfext/grfext.sty
Package: grfext 2019/12/03 v1.3 Manage graphics extensions (HO)
 (/usr/share/texmf-dist/tex/generic/kvdefinekeys/kvdefinekeys.sty
Package: kvdefinekeys 2019-12-19 v1.6 Define keys (HO)
)) (/usr/share/texmf-dist/tex/generic/pdftexcmds/pdftexcmds.sty
Package: pdftexcmds 2020-06-27 v0.33 Utility functions of pdfTeX for LuaTeX (HO)
Package pdftexcmds Info: \pdf@primitive is available.
Package pdftexcmds Info: \pdf@ifprimitive is available.
Package pdftexcmds Info: \pdfdraftmode found.
)
Package epstopdf-base Info: Redefining graphics rule for `.eps' on input line 485.
Package grfext Info: Graphics extension search list:
(grfext)             [.pdf,.png,.jpg,.mps,.jpeg,.jbig2,.jb2,.PDF,.PNG,.JPG,.JPEG,.JBIG2,.JB2,.eps]
(grfext)             \AppendGraphicsExtensions on input line 504.
 (/usr/share/texmf-dist/tex/latex/latexconfig/epstopdf-sys.cfg
File: epstopdf-sys.cfg 2010/07/13 v1.3 Configuration of (r)epstopdf for TeX Live
)) [1

{/var/lib/texmf/fonts/map/pdftex/updmap/pdftex.map}{/usr/share/texmf-dist/fonts/enc/dvips/base/8r.enc}]
LaTeX Font Info:    Trying to load font information for TS1+ptm on input line 72.
 (/usr/share/texmf-dist/tex/latex/psnfss/ts1ptm.fd
File: ts1ptm.fd 2001/06/04 font definitions for TS1/ptm.
) [1] [3] [4] (./main.toc)
\tf@toc=\write3
\openout3 = `main.toc'.

 [5] (./main.lof)
\tf@lof=\write4
\openout4 = `main.lof'.

 [6]
Overfull \hbox (20.89688pt too wide) in paragraph at lines 103--212
 [] 
 []

[7]
Overfull \vbox (300.88084pt too high) has occurred while \output is active []

 [8] [1]
<./Figures//SR-1 LNA Specs LNA Vehicle Concept.png, id=40, 2322.6775pt x 1533.73pt>
File: ./Figures//SR-1 LNA Specs LNA Vehicle Concept.png Graphic file (type png)
<use ./Figures//SR-1 LNA Specs LNA Vehicle Concept.png>
Package pdftex.def Info: ./Figures//SR-1 LNA Specs LNA Vehicle Concept.png  used on input line 234.
(pdftex.def)             Requested size: 328.82707pt x 217.13123pt.
<Figures/SR-1 Dimensions Subsonic Dynamic Testing.png, id=41, 2005.4925pt x 1134.2375pt>
File: Figures/SR-1 Dimensions Subsonic Dynamic Testing.png Graphic file (type png)
<use Figures/SR-1 Dimensions Subsonic Dynamic Testing.png>
Package pdftex.def Info: Figures/SR-1 Dimensions Subsonic Dynamic Testing.png  used on input line 241.
(pdftex.def)             Requested size: 469.75502pt x 265.6632pt.


LaTeX Warning: `h' float specifier changed to `ht'.

[2 <./Figures//SR-1 LNA Specs LNA Vehicle Concept.png>] [3 <./Figures/SR-1 Dimensions Subsonic Dynamic Testing.png>]
<Figures/SR-1 Controls and Coordinate.png, id=49, 1007.765pt x 1240.635pt>
File: Figures/SR-1 Controls and Coordinate.png Graphic file (type png)
<use Figures/SR-1 Controls and Coordinate.png>
Package pdftex.def Info: Figures/SR-1 Controls and Coordinate.png  used on input line 275.
(pdftex.def)             Requested size: 140.92793pt x 173.47948pt.
 [4 <./Figures/SR-1 Controls and Coordinate.png>] [5]
<Figures/different entry trajectories 11.png, id=57, 1547.7825pt x 869.2475pt>
File: Figures/different entry trajectories 11.png Graphic file (type png)
<use Figures/different entry trajectories 11.png>
Package pdftex.def Info: Figures/different entry trajectories 11.png  used on input line 307.
(pdftex.def)             Requested size: 469.75502pt x 263.81363pt.
 [6 <./Figures/different entry trajectories 11.png>]
<Figures/Body_Frame_Angles.png, id=62, 640.3925pt x 432.61626pt>
File: Figures/Body_Frame_Angles.png Graphic file (type png)
<use Figures/Body_Frame_Angles.png>
Package pdftex.def Info: Figures/Body_Frame_Angles.png  used on input line 324.
(pdftex.def)             Requested size: 469.75502pt x 317.34532pt.


LaTeX Warning: `h' float specifier changed to `ht'.

[7] [8 <./Figures/Body_Frame_Angles.png>] [9]
<Figures/ref_ecef.jpg, id=75, 995.1579pt x 948.4233pt>
File: Figures/ref_ecef.jpg Graphic file (type jpg)
<use Figures/ref_ecef.jpg>
Package pdftex.def Info: Figures/ref_ecef.jpg  used on input line 375.
(pdftex.def)             Requested size: 234.8775pt x 223.8491pt.
 [10 <./Figures/ref_ecef.jpg>] [11]
<Figures/ADEPT_Nav_Frame.png, id=84, 389.95688pt x 351.3125pt>
File: Figures/ADEPT_Nav_Frame.png Graphic file (type png)
<use Figures/ADEPT_Nav_Frame.png>
Package pdftex.def Info: Figures/ADEPT_Nav_Frame.png  used on input line 473.
(pdftex.def)             Requested size: 234.8775pt x 211.59856pt.
 [12] [13 <./Figures/ADEPT_Nav_Frame.png>]
<Figures/AnglesGuidance.png, id=92, 1784.91844pt x 955.31906pt>
File: Figures/AnglesGuidance.png Graphic file (type png)
<use Figures/AnglesGuidance.png>
Package pdftex.def Info: Figures/AnglesGuidance.png  used on input line 497.
(pdftex.def)             Requested size: 469.75502pt x 251.4091pt.
<Figures/AngularAccelRate.png, id=93, 1777.39032pt x 955.31906pt>
File: Figures/AngularAccelRate.png Graphic file (type png)
<use Figures/AngularAccelRate.png>
Package pdftex.def Info: Figures/AngularAccelRate.png  used on input line 504.
(pdftex.def)             Requested size: 469.75502pt x 252.47322pt.
 [14 <./Figures/AnglesGuidance.png (PNG copy)>]
<Figures/NDI_Parameter_Uncertainty.png, id=97, 778.91pt x 554.57187pt>
File: Figures/NDI_Parameter_Uncertainty.png Graphic file (type png)
<use Figures/NDI_Parameter_Uncertainty.png>
Package pdftex.def Info: Figures/NDI_Parameter_Uncertainty.png  used on input line 511.
(pdftex.def)             Requested size: 469.75502pt x 334.45502pt.
 [15 <./Figures/AngularAccelRate.png (PNG copy)>]
<Figures/GammaCommand.png, id=101, 1775.63374pt x 977.6525pt>
File: Figures/GammaCommand.png Graphic file (type png)
<use Figures/GammaCommand.png>
Package pdftex.def Info: Figures/GammaCommand.png  used on input line 521.
(pdftex.def)             Requested size: 469.75502pt x 258.64406pt.
<Figures/GammaCommandAngles.png, id=102, 1768.10562pt x 980.66376pt>
File: Figures/GammaCommandAngles.png Graphic file (type png)
<use Figures/GammaCommandAngles.png>
Package pdftex.def Info: Figures/GammaCommandAngles.png  used on input line 527.
(pdftex.def)             Requested size: 469.75502pt x 260.53305pt.
 [16 <./Figures/NDI_Parameter_Uncertainty.png>]
<Figures/GammaCommandINDIFinDeflect.png, id=107, 1775.63374pt x 968.61874pt>
File: Figures/GammaCommandINDIFinDeflect.png Graphic file (type png)
<use Figures/GammaCommandINDIFinDeflect.png>
Package pdftex.def Info: Figures/GammaCommandINDIFinDeflect.png  used on input line 533.
(pdftex.def)             Requested size: 469.75502pt x 256.25412pt.
 [17 <./Figures/GammaCommand.png> <./Figures/GammaCommandAngles.png>]
<Figures/ADEPT_CAD.png, id=114, 720.19063pt x 857.2025pt>
File: Figures/ADEPT_CAD.png Graphic file (type png)
<use Figures/ADEPT_CAD.png>
Package pdftex.def Info: Figures/ADEPT_CAD.png  used on input line 543.
(pdftex.def)             Requested size: 197.33324pt x 234.8775pt.
 [18 <./Figures/GammaCommandINDIFinDeflect.png>]
<Figures/ADPEPT_Body_Meshed.png, id=119, 650.93187pt x 864.73062pt>
File: Figures/ADPEPT_Body_Meshed.png Graphic file (type png)
<use Figures/ADPEPT_Body_Meshed.png>
Package pdftex.def Info: Figures/ADPEPT_Body_Meshed.png  used on input line 550.
(pdftex.def)             Requested size: 234.8775pt x 312.01529pt.
<Figures/ADEPT_In_CFD.png, id=120, 894.84312pt x 562.1pt>
File: Figures/ADEPT_In_CFD.png Graphic file (type png)
<use Figures/ADEPT_In_CFD.png>
Package pdftex.def Info: Figures/ADEPT_In_CFD.png  used on input line 557.
(pdftex.def)             Requested size: 352.31625pt x 221.3109pt.
 [19 <./Figures/ADEPT_CAD.png> <./Figures/ADPEPT_Body_Meshed.png>] [20 <./Figures/ADEPT_In_CFD.png>]
<Figures/bug.png, id=130, 1766.6pt x 975.645pt>
File: Figures/bug.png Graphic file (type png)
<use Figures/bug.png>
Package pdftex.def Info: Figures/bug.png  used on input line 569.
(pdftex.def)             Requested size: 469.75502pt x 259.42303pt.
 (./main.bbl [21 <./Figures/bug.png>] [22]) [23] (./main.aux) ) 
Here is how much of TeX's memory you used:
 4366 strings out of 476025
 71560 string characters out of 5796532
 1876388 words of memory out of 5000000
 24717 multiletter control sequences out of 15000+600000
 533685 words of font info for 69 fonts, out of 8000000 for 9000
 1141 hyphenation exceptions out of 8191
 72i,16n,76p,1929b,285s stack positions out of 5000i,500n,10000p,200000b,80000s
</usr/share/texmf-dist/fonts/type1/public/amsfonts/cm/cmex10.pfb></usr/share/texmf-dist/fonts/type1/public/amsfonts/cm/cmmi12.pfb></usr/share/texmf-dist/fonts/type1/public/amsfonts/cm/cmmi6.pfb></usr/share/texmf-dist/fonts/type1/public/amsfonts/cm/cmmi8.pfb></usr/share/texmf-dist/fonts/type1/public/amsfonts/cm/cmr12.pfb></usr/share/texmf-dist/fonts/type1/public/amsfonts/cm/cmr6.pfb></usr/share/texmf-dist/fonts/type1/public/amsfonts/cm/cmr8.pfb></usr/share/texmf-dist/fonts/type1/public/amsfonts/cm/cmsy10.pfb></usr/share/texmf-dist/fonts/type1/public/amsfonts/cm/cmsy8.pfb></usr/share/texmf-dist/fonts/type1/urw/times/utmb8a.pfb></usr/share/texmf-dist/fonts/type1/urw/times/utmbi8a.pfb></usr/share/texmf-dist/fonts/type1/urw/times/utmr8a.pfb></usr/share/texmf-dist/fonts/type1/urw/times/utmri8a.pfb>
Output written on main.pdf (31 pages, 5359870 bytes).
PDF statistics:
 199 PDF objects out of 1000 (max. 8388607)
 111 compressed objects within 2 object streams
 0 named destinations out of 1000 (max. 500000)
 86 words of extra memory for PDF output out of 10000 (max. 10000000)

